WATCOM C32 Optimizing Compiler  Version 10.6 
Copyright by WATCOM International Corp. 1984, 1996. All rights reserved.
WATCOM is a trademark of WATCOM International Corp.
etcvars.c: 147 lines, included 906, 0 warnings, 0 errors
Code size: 0
WATCOM C32 Optimizing Compiler  Version 10.6 
Copyright by WATCOM International Corp. 1984, 1996. All rights reserved.
WATCOM is a trademark of WATCOM International Corp.
pmkey.c: 146 lines, included 906, 0 warnings, 0 errors
Code size: 480
WATCOM C32 Optimizing Compiler  Version 10.6 
Copyright by WATCOM International Corp. 1984, 1996. All rights reserved.
WATCOM is a trademark of WATCOM International Corp.
pmjoy.c: 176 lines, included 906, 0 warnings, 0 errors
Code size: 435
WATCOM C32 Optimizing Compiler  Version 10.6 
Copyright by WATCOM International Corp. 1984, 1996. All rights reserved.
WATCOM is a trademark of WATCOM International Corp.
pmmouse.c: 137 lines, included 1533, 0 warnings, 0 errors
Code size: 994
