96.03.06 13:40 B d:\wipesrc\win95\up0603.zip --> ftp.snsys.com C:/wildcat/bbs/usr up0603.zip
96.03.07 12:53 B D:\WipeSrc\WIN95\up0703.zip --> ftp.snsys.com C:/wildcat/bbs/usr up0703.zip
96.03.07 12:53 B D:\WipeSrc\WIN95\up0703.zip --> ftp.snsys.com C:/wildcat/bbs/usr up0703.zip
96.03.07 13:08 B d:\wipesrc\win95\up0703b.zip --> ftp.snsys.com C:/wildcat/bbs/usr up0703b.zip
96.04.01 14:58 B d:\wipesrc\win95\up010496.zip --> 194.154.44.205 C:/wildcat/bbs/usr up010496.zip
96.04.02 10:24 B d:\wipesrc\WIN95\up0204.zip --> 194.154.44.205 C:/wildcat/bbs/usr up0204.zip
96.04.26 18:50 B d:\wipesrc\win95\upgraph1.zip --> ftp.snsys.com C:/wildcat/bbs/usr upgraph1.zip
96.04.26 19:42 B d:\wipesrc\win95\up2604.zip --> ftp.snsys.com C:/wildcat/bbs/usr up2604.zip
96.04.29 21:17 B d:\wipesrc\win95\up2804.zip --> ftp.snsys.com C:/wildcat/bbs/usr up2804.zip
96.04.30 15:48 B d:\wipesrc\win95\wipeout.exe --> osfa.aber.ac.uk /mntfs/other1/base/c/cjj995/tmp wipeout.exe
96.04.30 15:52 B d:\wipesrc\win95\wipeout.zip --> osfa.aber.ac.uk /mntfs/other1/base/c/cjj995 wipeout.zip
96.05.11 16:50 B \\broadserver\wipesrc\win95\wipe1105.zip --> ftp.snsys.com C:/wildcat/bbs/usr wipe1105.zip
96.06.07 14:51 B d:\wipesrc\win95\wip0706c.zip --> osfa.aber.ac.uk /mntfs/other1/base/c/cjj995 wip0706c.zip
96.06.07 15:34 B d:\wipesrc\win95\wip0706c.zip --> ftp.atitech.ca /pub wip0706c.zip
96.06.07 16:50 B d:\wipesrc\win95\wip0706d.zip --> ftp.atitech.ca /pub wip0706d.zip
96.06.07 16:55 B d:\wipesrc\win95\wip0706e.zip --> ftp.atitech.ca /pub wip0706e.zip
96.06.07 17:46 B d:\wipesrc\win95\wip0706f.zip --> ftp.atitech.ca /pub wip0706f.zip
96.06.07 17:46 B d:\wipesrc\win95\wip0706f.zip --> osfa.aber.ac.uk /mntfs/other1/base/c/cjj995 wip0706f.zip
96.06.08 11:03 B d:\wipesrc\win95\wip0706f.zip --> ftp.atitech.ca /pub wip0706f.zip
96.07.17 14:34 B d:\wipesrc\win95\ati1707.zip --> ftp.snsys.com C:/wildcat/bbs/usr ati1707.zip
96.07.17 17:05 B d:\wipesrc\win95\ati1707.zip --> ftp.atitech.ca /pub ati1707.zip
96.07.22 16:37 B d:\wipesrc\win95\wip2207.zip --> ftp.snsys.com C:/wildcat/bbs/usr/ATi_Stuff wip2207.zip
96.07.25 11:13 B d:\wipesrc\win95\wip2507.zip --> ftp.snsys.com C:/wildcat/bbs/usr/ATi_Stuff wip2507.zip
96.07.26 09:55 B d:\wipesrc\win95\wip2607.zip --> ftp.snsys.com C:/wildcat/bbs/usr/ATi_Stuff wip2607.zip
96.07.26 10:39 B d:\wipesrc\win95\in2607b.zip --> ftp.snsys.com C:/wildcat/bbs/usr/ATi_Stuff in2607b.zip
96.07.26 12:59 B d:\wipesrc\win95\icon1.zip --> ftp.oit.co.uk /televirt icon1.zip
96.08.15 17:12 B d:\wipesrc\win95\wip1508.zip --> ftp.atitech.ca /pub wip1508.zip
